
> vibe-generated-app@1.0.0 dev
> vite


  VITE v5.4.20  ready in 203 ms

  ➜  Local:   http://localhost:3000/
  ➜  Network: http://172.20.0.208:3000/
12:47:34 PM [vite] Pre-transform error: Transform failed with 1 error:
/home/workspace/src/components/Stats.jsx:3:22: ERROR: Expected ")" but found ":"
12:47:35 PM [vite] Internal server error: Transform failed with 1 error:
/home/workspace/src/components/Stats.jsx:3:22: ERROR: Expected ")" but found ":"
  Plugin: vite:esbuild
  File: /home/workspace/src/components/Stats.jsx:3:22
  
  Expected ")" but found ":"
  1  |  import { useEffect, useRef, useState } from 'react';
  2  |  
  3  |  function useCounter(to: number, duration = 1200) {
     |                        ^
  4  |    const [value, setValue] = useState(0);
  5  |    const startRef = useRef<number | null>(null);
  
      at failureErrorWithLog (/home/workspace/node_modules/esbuild/lib/main.js:1472:15)
      at /home/workspace/node_modules/esbuild/lib/main.js:755:50
      at responseCallbacks.<computed> (/home/workspace/node_modules/esbuild/lib/main.js:622:9)
      at handleIncomingPacket (/home/workspace/node_modules/esbuild/lib/main.js:677:12)
      at Socket.readFromStdout (/home/workspace/node_modules/esbuild/lib/main.js:600:7)
      at Socket.emit (node:events:508:28)
      at addChunk (node:internal/streams/readable:559:12)
      at readableAddChunkPushByteMode (node:internal/streams/readable:510:3)
      at Readable.push (node:internal/streams/readable:390:5)
      at Pipe.onStreamRead (node:internal/stream_base_commons:189:23)
12:47:52 PM [vite] Internal server error: Transform failed with 1 error:
/home/workspace/src/components/Stats.jsx:3:22: ERROR: Expected ")" but found ":"
  Plugin: vite:esbuild
  File: /home/workspace/src/components/Stats.jsx:3:22
  
  Expected ")" but found ":"
  1  |  import { useEffect, useRef, useState } from 'react';
  2  |  
  3  |  function useCounter(to: number, duration = 1200) {
     |                        ^
  4  |    const [value, setValue] = useState(0);
  5  |    const startRef = useRef<number | null>(null);
  
      at failureErrorWithLog (/home/workspace/node_modules/esbuild/lib/main.js:1472:15)
      at /home/workspace/node_modules/esbuild/lib/main.js:755:50
      at responseCallbacks.<computed> (/home/workspace/node_modules/esbuild/lib/main.js:622:9)
      at handleIncomingPacket (/home/workspace/node_modules/esbuild/lib/main.js:677:12)
      at Socket.readFromStdout (/home/workspace/node_modules/esbuild/lib/main.js:600:7)
      at Socket.emit (node:events:508:28)
      at addChunk (node:internal/streams/readable:559:12)
      at readableAddChunkPushByteMode (node:internal/streams/readable:510:3)
      at Readable.push (node:internal/streams/readable:390:5)
      at Pipe.onStreamRead (node:internal/stream_base_commons:189:23)
